  Server.cpp
C:\Program Files\Microsoft Visual Studio\2022\Community\VC\Tools\MSVC\14.34.31933\include\filesystem(13): warning STL4038: The contents of <filesystem> are available only with C++17 or later.
C:\Users\redsc\source\repos\GPPC-v1\openCVCourse\Source Files\Server.cpp(51,3): warning C4267: 'argument': conversion from 'size_t' to 'int', possible loss of data
C:\Users\redsc\source\repos\GPPC-v1\openCVCourse\Source Files\Server.cpp(117,68): warning C4267: 'argument': conversion from 'size_t' to 'int', possible loss of data
C:\Users\redsc\source\repos\GPPC-v1\openCVCourse\Source Files\Server.cpp(206,23): warning C4267: '-=': conversion from 'size_t' to 'int', possible loss of data
C:\Users\redsc\source\repos\GPPC-v1\openCVCourse\Source Files\Server.cpp(207,16): warning C4267: '+=': conversion from 'size_t' to 'int', possible loss of data
C:\Users\redsc\source\repos\GPPC-v1\openCVCourse\Source Files\Server.cpp(218,50): warning C4267: 'initializing': conversion from 'size_t' to 'int', possible loss of data
C:\Users\redsc\source\repos\GPPC-v1\openCVCourse\Source Files\Server.cpp(228,38): warning C4267: '=': conversion from 'size_t' to 'int', possible loss of data
C:\Users\redsc\source\repos\GPPC-v1\openCVCourse\Source Files\Server.cpp(229,61): warning C4267: '=': conversion from 'size_t' to 'int', possible loss of data
C:\Users\redsc\source\repos\GPPC-v1\openCVCourse\Source Files\Server.cpp(394,5): warning C4552: '%': result of expression not used
C:\Users\redsc\source\repos\GPPC-v1\openCVCourse\Source Files\Server.cpp(397,40): warning C4267: '=': conversion from 'size_t' to 'int', possible loss of data
C:\Users\redsc\source\repos\GPPC-v1\openCVCourse\Source Files\Server.cpp(407,35): warning C4267: '=': conversion from 'size_t' to 'int', possible loss of data
C:\Users\redsc\source\repos\GPPC-v1\openCVCourse\Source Files\Server.cpp(459,57): warning C4267: 'initializing': conversion from 'size_t' to 'int', possible loss of data
C:\Users\redsc\source\repos\GPPC-v1\openCVCourse\Source Files\Server.cpp(459,57): warning C4267: 'initializing': conversion from 'size_t' to 'const int', possible loss of data
  Generating code
  11 of 572 functions ( 1.9%) were compiled, the rest were copied from previous compilation.
    10 functions were new in current compilation
    1 functions had inline decision re-evaluated but remain unchanged
  Finished generating code
  openCVCourse.vcxproj -> C:\Users\redsc\source\repos\GPPC-v1\x64\Release\openCVCourse.exe
