c:\users\redsc\source\repos\gppc-v1\opencvcourse\x64\debug\vc143.pdb
c:\users\redsc\source\repos\gppc-v1\opencvcourse\x64\debug\vc143.idb
c:\users\redsc\source\repos\gppc-v1\opencvcourse\x64\debug\videocapturer.obj
c:\users\redsc\source\repos\gppc-v1\opencvcourse\x64\debug\source.obj
c:\users\redsc\source\repos\gppc-v1\opencvcourse\x64\debug\encoder.obj
c:\users\redsc\source\repos\gppc-v1\opencvcourse\x64\debug\decoder.obj
c:\users\redsc\source\repos\gppc-v1\opencvcourse\x64\debug\connection.obj
c:\users\redsc\source\repos\gppc-v1\opencvcourse\x64\debug\server.obj
c:\users\redsc\source\repos\gppc-v1\opencvcourse\x64\debug\control.obj
c:\users\redsc\source\repos\gppc-v1\debug\opencvcourse.exe
c:\users\redsc\source\repos\gppc-v1\opencvcourse\x64\debug\opencvcourse.ilk
c:\users\redsc\source\repos\gppc-v1\debug\opencvcourse.pdb
c:\users\redsc\source\repos\gppc-v1\debug\avcodec-58.dll
c:\users\redsc\source\repos\gppc-v1\debug\swresample-3.dll
c:\users\redsc\source\repos\gppc-v1\debug\avutil-56.dll
c:\users\redsc\source\repos\gppc-v1\debug\swscale-5.dll
c:\users\redsc\source\repos\gppc-v1\opencvcourse\x64\debug\opencvcourse.res
c:\users\redsc\source\repos\gppc-v1\opencvcourse\x64\debug\opencvcourse.tlog\cl.command.1.tlog
c:\users\redsc\source\repos\gppc-v1\opencvcourse\x64\debug\opencvcourse.tlog\cl.read.1.tlog
c:\users\redsc\source\repos\gppc-v1\opencvcourse\x64\debug\opencvcourse.tlog\cl.write.1.tlog
c:\users\redsc\source\repos\gppc-v1\opencvcourse\x64\debug\opencvcourse.tlog\link.command.1.tlog
c:\users\redsc\source\repos\gppc-v1\opencvcourse\x64\debug\opencvcourse.tlog\link.read.1.tlog
c:\users\redsc\source\repos\gppc-v1\opencvcourse\x64\debug\opencvcourse.tlog\link.write.1.tlog
c:\users\redsc\source\repos\gppc-v1\opencvcourse\x64\debug\opencvcourse.tlog\opencvcourse.write.1u.tlog
c:\users\redsc\source\repos\gppc-v1\opencvcourse\x64\debug\opencvcourse.tlog\rc.command.1.tlog
c:\users\redsc\source\repos\gppc-v1\opencvcourse\x64\debug\opencvcourse.tlog\rc.read.1.tlog
c:\users\redsc\source\repos\gppc-v1\opencvcourse\x64\debug\opencvcourse.tlog\rc.write.1.tlog
